E, [11-09-2021 23:17:05#5544] ERROR -- : undefined method `embed' for #<Object+Helper+Pages+Capybara::RSpecMatchers+Capybara::DSLRSpecProxyInstaller+Capybara::DSL+RSpec::Matchers+Cucumber::Glue::ProtoWorld+#<Module:0x076f19e8>+JSON::Ext::Generator::GeneratorMethods::Object+Kernel+:0x8040> (NoMethodError)
C:/Ruby30/lib/ruby/gems/3.0.0/gems/rspec-expectations-3.9.4/lib/rspec/matchers.rb:963:in `method_missing'
C:/Users/reina/OneDrive/Documents/portifolio_projetos/automationpractice_web/features/framework/helper.rb:20:in `take_screenshot'
C:/Users/reina/OneDrive/Documents/portifolio_projetos/automationpractice_web/features/support/hooks.rb:14:in `block in <top (required)>'
C:/Ruby30/lib/ruby/gems/3.0.0/gems/cucumber-7.0.0/lib/cucumber/glue/invoke_in_world.rb:36:in `instance_exec'
C:/Ruby30/lib/ruby/gems/3.0.0/gems/cucumber-7.0.0/lib/cucumber/glue/invoke_in_world.rb:36:in `block in cucumber_instance_exec_in'
C:/Ruby30/lib/ruby/gems/3.0.0/gems/cucumber-7.0.0/lib/cucumber/glue/invoke_in_world.rb:50:in `cucumber_run_with_backtrace_filtering'
C:/Ruby30/lib/ruby/gems/3.0.0/gems/cucumber-7.0.0/lib/cucumber/glue/invoke_in_world.rb:26:in `cucumber_instance_exec_in'
C:/Ruby30/lib/ruby/gems/3.0.0/gems/cucumber-7.0.0/lib/cucumber/glue/hook.rb:22:in `invoke'
C:/Ruby30/lib/ruby/gems/3.0.0/gems/cucumber-7.0.0/lib/cucumber/runtime/after_hooks.rb:23:in `block (2 levels) in after_hooks'
C:/Ruby30/lib/ruby/gems/3.0.0/gems/cucumber-core-10.0.1/lib/cucumber/core/test/action.rb:23:in `execute'
C:/Ruby30/lib/ruby/gems/3.0.0/gems/cucumber-core-10.0.1/lib/cucumber/core/test/step.rb:35:in `execute'
C:/Ruby30/lib/ruby/gems/3.0.0/gems/cucumber-core-10.0.1/lib/cucumber/core/test/runner.rb:106:in `execute'
C:/Ruby30/lib/ruby/gems/3.0.0/gems/cucumber-core-10.0.1/lib/cucumber/core/test/runner.rb:53:in `execute'
C:/Ruby30/lib/ruby/gems/3.0.0/gems/cucumber-core-10.0.1/lib/cucumber/core/test/runner.rb:29:in `test_step'
C:/Ruby30/lib/ruby/gems/3.0.0/gems/cucumber-core-10.0.1/lib/cucumber/core/test/step.rb:23:in `describe_to'
C:/Ruby30/lib/ruby/gems/3.0.0/gems/cucumber-core-10.0.1/lib/cucumber/core/test/case.rb:31:in `block (3 levels) in describe_to'
C:/Ruby30/lib/ruby/gems/3.0.0/gems/cucumber-core-10.0.1/lib/cucumber/core/test/case.rb:30:in `each'
C:/Ruby30/lib/ruby/gems/3.0.0/gems/cucumber-core-10.0.1/lib/cucumber/core/test/case.rb:30:in `block (2 levels) in describe_to'
C:/Ruby30/lib/ruby/gems/3.0.0/gems/cucumber-7.0.0/lib/cucumber/filters/prepare_world.rb:23:in `block in test_case'
C:/Ruby30/lib/ruby/gems/3.0.0/gems/cucumber-core-10.0.1/lib/cucumber/core/test/around_hook.rb:21:in `execute'
C:/Ruby30/lib/ruby/gems/3.0.0/gems/cucumber-core-10.0.1/lib/cucumber/core/test/runner.rb:106:in `execute'
C:/Ruby30/lib/ruby/gems/3.0.0/gems/cucumber-core-10.0.1/lib/cucumber/core/test/runner.rb:53:in `execute'
C:/Ruby30/lib/ruby/gems/3.0.0/gems/cucumber-core-10.0.1/lib/cucumber/core/test/runner.rb:36:in `around_hook'
C:/Ruby30/lib/ruby/gems/3.0.0/gems/cucumber-core-10.0.1/lib/cucumber/core/test/around_hook.rb:12:in `describe_to'
C:/Ruby30/lib/ruby/gems/3.0.0/gems/cucumber-core-10.0.1/lib/cucumber/core/test/case.rb:80:in `block (2 levels) in compose_around_hooks'
C:/Ruby30/lib/ruby/gems/3.0.0/gems/cucumber-core-10.0.1/lib/cucumber/core/test/case.rb:81:in `compose_around_hooks'
C:/Ruby30/lib/ruby/gems/3.0.0/gems/cucumber-core-10.0.1/lib/cucumber/core/test/case.rb:29:in `block in describe_to'
C:/Ruby30/lib/ruby/gems/3.0.0/gems/cucumber-core-10.0.1/lib/cucumber/core/test/runner.rb:19:in `test_case'
C:/Ruby30/lib/ruby/gems/3.0.0/gems/cucumber-core-10.0.1/lib/cucumber/core/test/case.rb:28:in `describe_to'
C:/Ruby30/lib/ruby/gems/3.0.0/gems/cucumber-7.0.0/lib/cucumber/filters/prepare_world.rb:11:in `test_case'
C:/Ruby30/lib/ruby/gems/3.0.0/gems/cucumber-core-10.0.1/lib/cucumber/core/test/case.rb:28:in `describe_to'
C:/Ruby30/lib/ruby/gems/3.0.0/gems/cucumber-core-10.0.1/lib/cucumber/core/filter.rb:57:in `test_case'
C:/Ruby30/lib/ruby/gems/3.0.0/gems/cucumber-7.0.0/lib/cucumber/filters/retry.rb:18:in `test_case'
C:/Ruby30/lib/ruby/gems/3.0.0/gems/cucumber-core-10.0.1/lib/cucumber/core/test/case.rb:28:in `describe_to'
C:/Ruby30/lib/ruby/gems/3.0.0/gems/cucumber-7.0.0/lib/cucumber/filters/quit.rb:11:in `test_case'
C:/Ruby30/lib/ruby/gems/3.0.0/gems/cucumber-core-10.0.1/lib/cucumber/core/test/case.rb:28:in `describe_to'
C:/Ruby30/lib/ruby/gems/3.0.0/gems/cucumber-7.0.0/lib/cucumber/filters/broadcast_test_run_started_event.rb:21:in `block in done'
C:/Ruby30/lib/ruby/gems/3.0.0/gems/cucumber-7.0.0/lib/cucumber/filters/broadcast_test_run_started_event.rb:20:in `map'
C:/Ruby30/lib/ruby/gems/3.0.0/gems/cucumber-7.0.0/lib/cucumber/filters/broadcast_test_run_started_event.rb:20:in `done'
C:/Ruby30/lib/ruby/gems/3.0.0/gems/cucumber-core-10.0.1/lib/cucumber/core/filter.rb:62:in `done'
C:/Ruby30/lib/ruby/gems/3.0.0/gems/cucumber-core-10.0.1/lib/cucumber/core/filter.rb:62:in `done'
C:/Ruby30/lib/ruby/gems/3.0.0/gems/cucumber-core-10.0.1/lib/cucumber/core/filter.rb:62:in `done'
C:/Ruby30/lib/ruby/gems/3.0.0/gems/cucumber-core-10.0.1/lib/cucumber/core/filter.rb:62:in `done'
C:/Ruby30/lib/ruby/gems/3.0.0/gems/cucumber-core-10.0.1/lib/cucumber/core/filter.rb:62:in `done'
C:/Ruby30/lib/ruby/gems/3.0.0/gems/cucumber-core-10.0.1/lib/cucumber/core/filter.rb:62:in `done'
C:/Ruby30/lib/ruby/gems/3.0.0/gems/cucumber-core-10.0.1/lib/cucumber/core/test/filters/locations_filter.rb:20:in `done'
C:/Ruby30/lib/ruby/gems/3.0.0/gems/cucumber-core-10.0.1/lib/cucumber/core/filter.rb:62:in `done'
C:/Ruby30/lib/ruby/gems/3.0.0/gems/cucumber-core-10.0.1/lib/cucumber/core/test/filters/tag_filter.rb:18:in `done'
C:/Ruby30/lib/ruby/gems/3.0.0/gems/cucumber-core-10.0.1/lib/cucumber/core/compiler.rb:31:in `done'
C:/Ruby30/lib/ruby/gems/3.0.0/gems/cucumber-core-10.0.1/lib/cucumber/core/gherkin/parser.rb:46:in `done'
C:/Ruby30/lib/ruby/gems/3.0.0/gems/cucumber-core-10.0.1/lib/cucumber/core.rb:35:in `parse'
C:/Ruby30/lib/ruby/gems/3.0.0/gems/cucumber-core-10.0.1/lib/cucumber/core.rb:24:in `compile'
C:/Ruby30/lib/ruby/gems/3.0.0/gems/cucumber-7.0.0/lib/cucumber/runtime.rb:79:in `run!'
C:/Ruby30/lib/ruby/gems/3.0.0/gems/cucumber-7.0.0/lib/cucumber/cli/main.rb:29:in `execute!'
C:/Ruby30/lib/ruby/gems/3.0.0/gems/cucumber-7.0.0/bin/cucumber:9:in `<top (required)>'
C:/Ruby30/bin/cucumber:23:in `load'
C:/Ruby30/bin/cucumber:23:in `<main>'
